<?xml version="1.0" encoding="UTF-8"?>
<robot generator="Robot 7.4.2 (Python 3.14.4 on win32)" generated="2026-05-07T19:14:59.957235" rpa="false" schemaversion="5">
<suite id="s1" name="Google Search" source="C:\Users\divvarsh\Desktop\robot-framework-automation-assignment\tests\google_search.robot">
<test id="s1-t1" name="Google Search And Save Top 5 Links" line="15">
<kw name="Open Browser" owner="SeleniumLibrary">
<msg time="2026-05-07T19:15:00.243441" level="INFO">Opening browser 'Chrome' to base url 'https://www.google.com'.</msg>
<arg>${URL}</arg>
<arg>${BROWSER}</arg>
<doc>Opens a new browser instance to the optional ``url``.</doc>
<status status="PASS" start="2026-05-07T19:15:00.242519" elapsed="3.246779"/>
</kw>
<kw name="Maximize Browser Window" owner="SeleniumLibrary">
<doc>Maximizes current browser window.</doc>
<status status="PASS" start="2026-05-07T19:15:03.490461" elapsed="0.030687"/>
</kw>
<kw name="Sleep" owner="BuiltIn">
<msg time="2026-05-07T19:15:05.524188" level="INFO">Slept 2 seconds.</msg>
<arg>2s</arg>
<doc>Pauses the test executed for the given time.</doc>
<status status="PASS" start="2026-05-07T19:15:03.522120" elapsed="2.002272"/>
</kw>
<kw name="Capture Page Screenshot" owner="SeleniumLibrary">
<msg time="2026-05-07T19:15:05.601621" level="INFO" html="true">&lt;/td&gt;&lt;/tr&gt;&lt;tr&gt;&lt;td colspan="3"&gt;&lt;a href="step1_home.png"&gt;&lt;img src="step1_home.png" width="800px"&gt;&lt;/a&gt;</msg>
<arg>${OUTPUT DIR}${/}step1_home.png</arg>
<doc>Takes a screenshot of the current page and embeds it into a log file.</doc>
<status status="PASS" start="2026-05-07T19:15:05.524797" elapsed="0.076933"/>
</kw>
<kw name="Wait Until Element Is Visible" owner="SeleniumLibrary">
<arg>name=q</arg>
<arg>10s</arg>
<doc>Waits until the element ``locator`` is visible.</doc>
<status status="PASS" start="2026-05-07T19:15:05.601983" elapsed="0.023653"/>
</kw>
<kw name="Input Text" owner="SeleniumLibrary">
<msg time="2026-05-07T19:15:05.626137" level="INFO">Typing text 'robotframework' into text field 'name=q'.</msg>
<arg>name=q</arg>
<arg>${QUERY}</arg>
<doc>Types the given ``text`` into the text field identified by ``locator``.</doc>
<status status="PASS" start="2026-05-07T19:15:05.625903" elapsed="0.112098"/>
</kw>
<kw name="Press Keys" owner="SeleniumLibrary">
<msg time="2026-05-07T19:15:05.738989" level="INFO">Sending key(s) ('ENTER',) to name=q element.</msg>
<msg time="2026-05-07T19:15:06.051161" level="INFO">Pressing special key ENTER to element.</msg>
<msg time="2026-05-07T19:15:06.051244" level="INFO">Releasing special key ENTER.</msg>
<arg>name=q</arg>
<arg>ENTER</arg>
<doc>Simulates the user pressing key(s) to an element or on the active browser.</doc>
<status status="PASS" start="2026-05-07T19:15:05.738562" elapsed="0.329759"/>
</kw>
<kw name="Log To Console" owner="BuiltIn">
<arg>\nIf CAPTCHA appears, solve it manually within ${WAIT}...</arg>
<doc>Logs the given message to the console.</doc>
<status status="PASS" start="2026-05-07T19:15:06.068670" elapsed="0.000591"/>
</kw>
<kw name="Sleep" owner="BuiltIn">
<msg time="2026-05-07T19:15:20.070189" level="INFO">Slept 14 seconds.</msg>
<arg>${WAIT}</arg>
<doc>Pauses the test executed for the given time.</doc>
<status status="PASS" start="2026-05-07T19:15:06.069449" elapsed="14.000935"/>
</kw>
<kw name="Capture Page Screenshot" owner="SeleniumLibrary">
<msg time="2026-05-07T19:15:21.347290" level="INFO" html="true">&lt;/td&gt;&lt;/tr&gt;&lt;tr&gt;&lt;td colspan="3"&gt;&lt;a href="step2_after_wait.png"&gt;&lt;img src="step2_after_wait.png" width="800px"&gt;&lt;/a&gt;</msg>
<arg>${OUTPUT DIR}${/}step2_after_wait.png</arg>
<doc>Takes a screenshot of the current page and embeds it into a log file.</doc>
<status status="PASS" start="2026-05-07T19:15:20.071594" elapsed="1.275897"/>
</kw>
<kw name="Set Variable" owner="BuiltIn">
<msg time="2026-05-07T19:15:21.349906" level="INFO">${outfile} = C:\Users\divvarsh\Desktop\robot-framework-automation-assignment\results\output.txt</msg>
<var>${outfile}</var>
<arg>${OUTPUT DIR}${/}output.txt</arg>
<doc>Returns the given values which can then be assigned to a variables.</doc>
<status status="PASS" start="2026-05-07T19:15:21.349212" elapsed="0.000750"/>
</kw>
<kw name="Run Keyword And Ignore Error" owner="BuiltIn">
<kw name="Remove File" owner="OperatingSystem">
<msg time="2026-05-07T19:15:21.352434" level="INFO" html="true">Removed file '&lt;a href="file://C:\Users\divvarsh\Desktop\robot-framework-automation-assignment\results\output.txt"&gt;C:\Users\divvarsh\Desktop\robot-framework-automation-assignment\results\output.txt&lt;/a&gt;'.</msg>
<arg>${outfile}</arg>
<doc>Removes a file with the given path.</doc>
<status status="PASS" start="2026-05-07T19:15:21.351101" elapsed="0.001516"/>
</kw>
<arg>Remove File</arg>
<arg>${outfile}</arg>
<doc>Runs the given keyword with the given arguments and ignores possible error.</doc>
<status status="PASS" start="2026-05-07T19:15:21.350417" elapsed="0.002350"/>
</kw>
<kw name="Create File" owner="OperatingSystem">
<msg time="2026-05-07T19:15:21.354932" level="INFO" html="true">Created file '&lt;a href="file://C:\Users\divvarsh\Desktop\robot-framework-automation-assignment\results\output.txt"&gt;C:\Users\divvarsh\Desktop\robot-framework-automation-assignment\results\output.txt&lt;/a&gt;'.</msg>
<arg>${outfile}</arg>
<doc>Creates a file with the given content and encoding.</doc>
<status status="PASS" start="2026-05-07T19:15:21.353306" elapsed="0.001918"/>
</kw>
<kw name="Ensure Results Loaded Or Fail">
<kw name="Run Keyword And Return Status" owner="BuiltIn">
<kw name="Wait Until Page Contains Element" owner="SeleniumLibrary">
<arg>xpath=//div[@id="search"]//a[h3 and @href]</arg>
<arg>10s</arg>
<doc>Waits until the element ``locator`` appears on the current page.</doc>
<status status="PASS" start="2026-05-07T19:15:21.358557" elapsed="0.019798"/>
</kw>
<msg time="2026-05-07T19:15:21.378658" level="INFO">${ok} = True</msg>
<var>${ok}</var>
<arg>Wait Until Page Contains Element</arg>
<arg>xpath=//div[@id="search"]//a[h3 and @href]</arg>
<arg>10s</arg>
<doc>Runs the specified keyword and returns the status as a Boolean value.</doc>
<status status="PASS" start="2026-05-07T19:15:21.357954" elapsed="0.020761"/>
</kw>
<if>
<branch type="IF" condition="not ${ok}">
<kw name="Capture Page Screenshot" owner="SeleniumLibrary">
<arg>${OUTPUT DIR}${/}step_captcha_or_block.png</arg>
<doc>Takes a screenshot of the current page and embeds it into a log file.</doc>
<status status="NOT RUN" start="2026-05-07T19:15:21.379370" elapsed="0.000055"/>
</kw>
<kw name="Append To File" owner="OperatingSystem">
<arg>${outfile}</arg>
<arg>CAPTCHA not solved or results did not load. Check screenshot: step_captcha_or_block.png\n</arg>
<doc>Appends the given content to the specified file.</doc>
<status status="NOT RUN" start="2026-05-07T19:15:21.379582" elapsed="0.000041"/>
</kw>
<kw name="Close Browser" owner="SeleniumLibrary">
<doc>Closes the current browser.</doc>
<status status="NOT RUN" start="2026-05-07T19:15:21.379742" elapsed="0.000027"/>
</kw>
<kw name="Fail" owner="BuiltIn">
<arg>CAPTCHA not solved / results not loaded (failing as required).</arg>
<doc>Fails the test with the given message and optionally alters its tags.</doc>
<status status="NOT RUN" start="2026-05-07T19:15:21.379860" elapsed="0.000026"/>
</kw>
<status status="NOT RUN" start="2026-05-07T19:15:21.378936" elapsed="0.000991"/>
</branch>
<status status="PASS" start="2026-05-07T19:15:21.378873" elapsed="0.001130"/>
</if>
<arg>${outfile}</arg>
<status status="PASS" start="2026-05-07T19:15:21.357160" elapsed="0.022941"/>
</kw>
<kw name="Get Top Result Links Unique By Domain">
<kw name="Get WebElements" owner="SeleniumLibrary">
<msg time="2026-05-07T19:15:21.394803" level="INFO">${result_links} = [&lt;selenium.webdriver.remote.webelement.WebElement (session="f7fff03498b15bbbe75d3d2f5fafaab3", element="f.420CEDE606DA4B2139F87021860FFD39.d.55A7B87863737D5F4321EB9EA68B2769.e.122")&gt;, &lt;selenium.webdri...</msg>
<var>${result_links}</var>
<arg>xpath=//div[@id="search"]//a[h3 and @href]</arg>
<doc>Returns a list of WebElement objects matching the ``locator``.</doc>
<status status="PASS" start="2026-05-07T19:15:21.381350" elapsed="0.013550"/>
</kw>
<kw name="Create List" owner="BuiltIn">
<msg time="2026-05-07T19:15:21.395692" level="INFO">${final} = []</msg>
<var>${final}</var>
<doc>Returns a list containing given items.</doc>
<status status="PASS" start="2026-05-07T19:15:21.395232" elapsed="0.000503"/>
</kw>
<kw name="Create List" owner="BuiltIn">
<msg time="2026-05-07T19:15:21.396137" level="INFO">${domains} = []</msg>
<var>${domains}</var>
<doc>Returns a list containing given items.</doc>
<status status="PASS" start="2026-05-07T19:15:21.395892" elapsed="0.000273"/>
</kw>
<for flavor="IN">
<iter>
<kw name="Get Element Attribute" owner="SeleniumLibrary">
<msg time="2026-05-07T19:15:21.412237" level="INFO">${href} = https://robotframework.org/</msg>
<var>${href}</var>
<arg>${a}</arg>
<arg>href</arg>
<doc>Returns the value of ``attribute`` from the element ``locator``.</doc>
<status status="PASS" start="2026-05-07T19:15:21.396820" elapsed="0.015490"/>
</kw>
<kw name="Run Keyword And Return Status" owner="BuiltIn">
<kw name="Should Start With" owner="BuiltIn">
<arg>${href}</arg>
<arg>http</arg>
<doc>Fails if the string ``str1`` does not start with the string ``str2``.</doc>
<status status="PASS" start="2026-05-07T19:15:21.413022" elapsed="0.000427"/>
</kw>
<msg time="2026-05-07T19:15:21.413610" level="INFO">${is_http} = True</msg>
<var>${is_http}</var>
<arg>Should Start With</arg>
<arg>${href}</arg>
<arg>http</arg>
<doc>Runs the specified keyword and returns the status as a Boolean value.</doc>
<status status="PASS" start="2026-05-07T19:15:21.412575" elapsed="0.001068"/>
</kw>
<if>
<branch type="IF" condition="not ${is_http}">
<continue>
<status status="NOT RUN" start="2026-05-07T19:15:21.414038" elapsed="0.000044"/>
</continue>
<status status="NOT RUN" start="2026-05-07T19:15:21.413784" elapsed="0.000357"/>
</branch>
<status status="PASS" start="2026-05-07T19:15:21.413741" elapsed="0.000447"/>
</if>
<kw name="Run Keyword And Return Status" owner="BuiltIn">
<kw name="Should Contain" owner="BuiltIn">
<msg time="2026-05-07T19:15:21.415419" level="FAIL">'https://robotframework.org/' does not contain 'google.'</msg>
<arg>${href}</arg>
<arg>google.</arg>
<doc>Fails if ``container`` does not contain ``item`` one or more times.</doc>
<status status="FAIL" start="2026-05-07T19:15:21.414751" elapsed="0.000893">'https://robotframework.org/' does not contain 'google.'</status>
</kw>
<msg time="2026-05-07T19:15:21.415803" level="INFO">${is_google} = False</msg>
<var>${is_google}</var>
<arg>Should Contain</arg>
<arg>${href}</arg>
<arg>google.</arg>
<doc>Runs the specified keyword and returns the status as a Boolean value.</doc>
<status status="PASS" start="2026-05-07T19:15:21.414344" elapsed="0.001491"/>
</kw>
<if>
<branch type="IF" condition="${is_google}">
<continue>
<status status="NOT RUN" start="2026-05-07T19:15:21.416051" elapsed="0.000034"/>
</continue>
<status status="NOT RUN" start="2026-05-07T19:15:21.415950" elapsed="0.000178"/>
</branch>
<status status="PASS" start="2026-05-07T19:15:21.415917" elapsed="0.000250"/>
</if>
<kw name="Evaluate" owner="BuiltIn">
<msg time="2026-05-07T19:15:21.416964" level="INFO">${domain} = robotframework.org</msg>
<var>${domain}</var>
<arg>__import__("urllib.parse", fromlist=["urlparse"]).urlparse($href).netloc</arg>
<doc>Evaluates the given expression in Python and returns the result.</doc>
<status status="PASS" start="2026-05-07T19:15:21.416296" elapsed="0.000715"/>
</kw>
<kw name="Replace String" owner="String">
<msg time="2026-05-07T19:15:21.418177" level="INFO">${domain} = robotframework.org</msg>
<var>${domain}</var>
<arg>${domain}</arg>
<arg>www.</arg>
<arg>${EMPTY}</arg>
<doc>Replaces ``search_for`` in the given ``string`` with ``replace_with``.</doc>
<status status="PASS" start="2026-05-07T19:15:21.417178" elapsed="0.001066"/>
</kw>
<kw name="Run Keyword And Return Status" owner="BuiltIn">
<kw name="List Should Contain Value" owner="Collections">
<msg time="2026-05-07T19:15:21.420704" level="FAIL">[ ] does not contain value 'robotframework.org'.</msg>
<arg>${domains}</arg>
<arg>${domain}</arg>
<doc>Fails if the ``value`` is not found from ``list``.</doc>
<status status="FAIL" start="2026-05-07T19:15:21.419745" elapsed="0.001186">[ ] does not contain value 'robotframework.org'.</status>
</kw>
<msg time="2026-05-07T19:15:21.421203" level="INFO">${dup_domain} = False</msg>
<var>${dup_domain}</var>
<arg>List Should Contain Value</arg>
<arg>${domains}</arg>
<arg>${domain}</arg>
<doc>Runs the specified keyword and returns the status as a Boolean value.</doc>
<status status="PASS" start="2026-05-07T19:15:21.418784" elapsed="0.002470"/>
</kw>
<if>
<branch type="IF" condition="${dup_domain}">
<continue>
<status status="NOT RUN" start="2026-05-07T19:15:21.421674" elapsed="0.000072"/>
</continue>
<status status="NOT RUN" start="2026-05-07T19:15:21.421446" elapsed="0.000359"/>
</branch>
<status status="PASS" start="2026-05-07T19:15:21.421400" elapsed="0.000456"/>
</if>
<kw name="Append To List" owner="Collections">
<arg>${domains}</arg>
<arg>${domain}</arg>
<doc>Adds ``values`` to the end of ``list``.</doc>
<status status="PASS" start="2026-05-07T19:15:21.422042" elapsed="0.000403"/>
</kw>
<kw name="Append To List" owner="Collections">
<arg>${final}</arg>
<arg>${href}</arg>
<doc>Adds ``values`` to the end of ``list``.</doc>
<status status="PASS" start="2026-05-07T19:15:21.422626" elapsed="0.000283"/>
</kw>
<kw name="Get Length" owner="BuiltIn">
<msg time="2026-05-07T19:15:21.423627" level="INFO">Length is 1.</msg>
<msg time="2026-05-07T19:15:21.423748" level="INFO">${length} = 1</msg>
<var>${length}</var>
<arg>${final}</arg>
<doc>Returns and logs the length of the given item as an integer.</doc>
<status status="PASS" start="2026-05-07T19:15:21.423055" elapsed="0.000732"/>
</kw>
<kw name="Exit For Loop If" owner="BuiltIn">
<arg>${length} &gt;= ${max}</arg>
<doc>Stops executing the enclosing FOR loop if the ``condition`` is true.</doc>
<status status="PASS" start="2026-05-07T19:15:21.423952" elapsed="0.000738"/>
</kw>
<var name="${a}">&lt;selenium.webdriver.remote.webelement.WebElement (session="f7fff03498b15bbbe75d3d2f5fafaab3", element="f.420CEDE606DA4B2139F87021860FFD39.d.55A7B87863737D5F4321EB9EA68B2769.e.122")&gt;</var>
<status status="PASS" start="2026-05-07T19:15:21.396654" elapsed="0.028127"/>
</iter>
<iter>
<kw name="Get Element Attribute" owner="SeleniumLibrary">
<msg time="2026-05-07T19:15:21.451021" level="INFO">${href} = https://github.com/robotframework/robotframework</msg>
<var>${href}</var>
<arg>${a}</arg>
<arg>href</arg>
<doc>Returns the value of ``attribute`` from the element ``locator``.</doc>
<status status="PASS" start="2026-05-07T19:15:21.425407" elapsed="0.025726"/>
</kw>
<kw name="Run Keyword And Return Status" owner="BuiltIn">
<kw name="Should Start With" owner="BuiltIn">
<arg>${href}</arg>
<arg>http</arg>
<doc>Fails if the string ``str1`` does not start with the string ``str2``.</doc>
<status status="PASS" start="2026-05-07T19:15:21.452391" elapsed="0.000586"/>
</kw>
<msg time="2026-05-07T19:15:21.453187" level="INFO">${is_http} = True</msg>
<var>${is_http}</var>
<arg>Should Start With</arg>
<arg>${href}</arg>
<arg>http</arg>
<doc>Runs the specified keyword and returns the status as a Boolean value.</doc>
<status status="PASS" start="2026-05-07T19:15:21.451550" elapsed="0.001684"/>
</kw>
<if>
<branch type="IF" condition="not ${is_http}">
<continue>
<status status="NOT RUN" start="2026-05-07T19:15:21.453738" elapsed="0.000039"/>
</continue>
<status status="NOT RUN" start="2026-05-07T19:15:21.453407" elapsed="0.000429"/>
</branch>
<status status="PASS" start="2026-05-07T19:15:21.453361" elapsed="0.000522"/>
</if>
<kw name="Run Keyword And Return Status" owner="BuiltIn">
<kw name="Should Contain" owner="BuiltIn">
<msg time="2026-05-07T19:15:21.455177" level="FAIL">'https://github.com/robotframework/robotframework' does not contain 'google.'</msg>
<arg>${href}</arg>
<arg>google.</arg>
<doc>Fails if ``container`` does not contain ``item`` one or more times.</doc>
<status status="FAIL" start="2026-05-07T19:15:21.454655" elapsed="0.000690">'https://github.com/robotframework/robotframework' does not contain 'google.'</status>
</kw>
<msg time="2026-05-07T19:15:21.455493" level="INFO">${is_google} = False</msg>
<var>${is_google}</var>
<arg>Should Contain</arg>
<arg>${href}</arg>
<arg>google.</arg>
<doc>Runs the specified keyword and returns the status as a Boolean value.</doc>
<status status="PASS" start="2026-05-07T19:15:21.454082" elapsed="0.001440"/>
</kw>
<if>
<branch type="IF" condition="${is_google}">
<continue>
<status status="NOT RUN" start="2026-05-07T19:15:21.455763" elapsed="0.000030"/>
</continue>
<status status="NOT RUN" start="2026-05-07T19:15:21.455647" elapsed="0.000195"/>
</branch>
<status status="PASS" start="2026-05-07T19:15:21.455615" elapsed="0.000270"/>
</if>
<kw name="Evaluate" owner="BuiltIn">
<msg time="2026-05-07T19:15:21.456659" level="INFO">${domain} = github.com</msg>
<var>${domain}</var>
<arg>__import__("urllib.parse", fromlist=["urlparse"]).urlparse($href).netloc</arg>
<doc>Evaluates the given expression in Python and returns the result.</doc>
<status status="PASS" start="2026-05-07T19:15:21.456019" elapsed="0.000680"/>
</kw>
<kw name="Replace String" owner="String">
<msg time="2026-05-07T19:15:21.457451" level="INFO">${domain} = github.com</msg>
<var>${domain}</var>
<arg>${domain}</arg>
<arg>www.</arg>
<arg>${EMPTY}</arg>
<doc>Replaces ``search_for`` in the given ``string`` with ``replace_with``.</doc>
<status status="PASS" start="2026-05-07T19:15:21.456852" elapsed="0.000634"/>
</kw>
<kw name="Run Keyword And Return Status" owner="BuiltIn">
<kw name="List Should Contain Value" owner="Collections">
<msg time="2026-05-07T19:15:21.458443" level="FAIL">[ robotframework.org ] does not contain value 'github.com'.</msg>
<arg>${domains}</arg>
<arg>${domain}</arg>
<doc>Fails if the ``value`` is not found from ``list``.</doc>
<status status="FAIL" start="2026-05-07T19:15:21.458021" elapsed="0.000683">[ robotframework.org ] does not contain value 'github.com'.</status>
</kw>
<msg time="2026-05-07T19:15:21.458918" level="INFO">${dup_domain} = False</msg>
<var>${dup_domain}</var>
<arg>List Should Contain Value</arg>
<arg>${domains}</arg>
<arg>${domain}</arg>
<doc>Runs the specified keyword and returns the status as a Boolean value.</doc>
<status status="PASS" start="2026-05-07T19:15:21.457629" elapsed="0.001331"/>
</kw>
<if>
<branch type="IF" condition="${dup_domain}">
<continue>
<status status="NOT RUN" start="2026-05-07T19:15:21.459364" elapsed="0.000042"/>
</continue>
<status status="NOT RUN" start="2026-05-07T19:15:21.459161" elapsed="0.000306"/>
</branch>
<status status="PASS" start="2026-05-07T19:15:21.459103" elapsed="0.000421"/>
</if>
<kw name="Append To List" owner="Collections">
<arg>${domains}</arg>
<arg>${domain}</arg>
<doc>Adds ``values`` to the end of ``list``.</doc>
<status status="PASS" start="2026-05-07T19:15:21.459747" elapsed="0.000371"/>
</kw>
<kw name="Append To List" owner="Collections">
<arg>${final}</arg>
<arg>${href}</arg>
<doc>Adds ``values`` to the end of ``list``.</doc>
<status status="PASS" start="2026-05-07T19:15:21.460304" elapsed="0.000262"/>
</kw>
<kw name="Get Length" owner="BuiltIn">
<msg time="2026-05-07T19:15:21.461278" level="INFO">Length is 2.</msg>
<msg time="2026-05-07T19:15:21.461394" level="INFO">${length} = 2</msg>
<var>${length}</var>
<arg>${final}</arg>
<doc>Returns and logs the length of the given item as an integer.</doc>
<status status="PASS" start="2026-05-07T19:15:21.460774" elapsed="0.000650"/>
</kw>
<kw name="Exit For Loop If" owner="BuiltIn">
<arg>${length} &gt;= ${max}</arg>
<doc>Stops executing the enclosing FOR loop if the ``condition`` is true.</doc>
<status status="PASS" start="2026-05-07T19:15:21.461564" elapsed="0.000509"/>
</kw>
<var name="${a}">&lt;selenium.webdriver.remote.webelement.WebElement (session="f7fff03498b15bbbe75d3d2f5fafaab3", element="f.420CEDE606DA4B2139F87021860FFD39.d.55A7B87863737D5F4321EB9EA68B2769.e.123")&gt;</var>
<status status="PASS" start="2026-05-07T19:15:21.425223" elapsed="0.036911"/>
</iter>
<iter>
<kw name="Get Element Attribute" owner="SeleniumLibrary">
<msg time="2026-05-07T19:15:21.473071" level="INFO">${href} = https://github.com/robotframework/robotframework#:~:text=Robot%20Framework%20%C2%AE%20is%20a,robotic%20process%20automation%20(RPA).</msg>
<var>${href}</var>
<arg>${a}</arg>
<arg>href</arg>
<doc>Returns the value of ``attribute`` from the element ``locator``.</doc>
<status status="PASS" start="2026-05-07T19:15:21.462597" elapsed="0.010655"/>
</kw>
<kw name="Run Keyword And Return Status" owner="BuiltIn">
<kw name="Should Start With" owner="BuiltIn">
<arg>${href}</arg>
<arg>http</arg>
<doc>Fails if the string ``str1`` does not start with the string ``str2``.</doc>
<status status="PASS" start="2026-05-07T19:15:21.474171" elapsed="0.000419"/>
</kw>
<msg time="2026-05-07T19:15:21.474726" level="INFO">${is_http} = True</msg>
<var>${is_http}</var>
<arg>Should Start With</arg>
<arg>${href}</arg>
<arg>http</arg>
<doc>Runs the specified keyword and returns the status as a Boolean value.</doc>
<status status="PASS" start="2026-05-07T19:15:21.473609" elapsed="0.001146"/>
</kw>
<if>
<branch type="IF" condition="not ${is_http}">
<continue>
<status status="NOT RUN" start="2026-05-07T19:15:21.475049" elapsed="0.000029"/>
</continue>
<status status="NOT RUN" start="2026-05-07T19:15:21.474874" elapsed="0.000252"/>
</branch>
<status status="PASS" start="2026-05-07T19:15:21.474838" elapsed="0.000325"/>
</if>
<kw name="Run Keyword And Return Status" owner="BuiltIn">
<kw name="Should Contain" owner="BuiltIn">
<msg time="2026-05-07T19:15:21.476324" level="FAIL">'https://github.com/robotframework/robotframework#:~:text=Robot%20Framework%20%C2%AE%20is%20a,robotic%20process%20automation%20(RPA).' does not contain 'google.'</msg>
<arg>${href}</arg>
<arg>google.</arg>
<doc>Fails if ``container`` does not contain ``item`` one or more times.</doc>
<status status="FAIL" start="2026-05-07T19:15:21.475811" elapsed="0.000629">'https://github.com/robotframework/robotframework#:~:text=Robot%20Framework%20%C2%AE%20is%20a,robotic%20process%20automation%20(RPA).' does not contain 'google.'</status>
</kw>
<msg time="2026-05-07T19:15:21.476598" level="INFO">${is_google} = False</msg>
<var>${is_google}</var>
<arg>Should Contain</arg>
<arg>${href}</arg>
<arg>google.</arg>
<doc>Runs the specified keyword and returns the status as a Boolean value.</doc>
<status status="PASS" start="2026-05-07T19:15:21.475294" elapsed="0.001334"/>
</kw>
<if>
<branch type="IF" condition="${is_google}">
<continue>
<status status="NOT RUN" start="2026-05-07T19:15:21.476869" elapsed="0.000030"/>
</continue>
<status status="NOT RUN" start="2026-05-07T19:15:21.476762" elapsed="0.000180"/>
</branch>
<status status="PASS" start="2026-05-07T19:15:21.476729" elapsed="0.000253"/>
</if>
<kw name="Evaluate" owner="BuiltIn">
<msg time="2026-05-07T19:15:21.477703" level="INFO">${domain} = github.com</msg>
<var>${domain}</var>
<arg>__import__("urllib.parse", fromlist=["urlparse"]).urlparse($href).netloc</arg>
<doc>Evaluates the given expression in Python and returns the result.</doc>
<status status="PASS" start="2026-05-07T19:15:21.477105" elapsed="0.000638"/>
</kw>
<kw name="Replace String" owner="String">
<msg time="2026-05-07T19:15:21.478568" level="INFO">${domain} = github.com</msg>
<var>${domain}</var>
<arg>${domain}</arg>
<arg>www.</arg>
<arg>${EMPTY}</arg>
<doc>Replaces ``search_for`` in the given ``string`` with ``replace_with``.</doc>
<status status="PASS" start="2026-05-07T19:15:21.477912" elapsed="0.000691"/>
</kw>
<kw name="Run Keyword And Return Status" owner="BuiltIn">
<kw name="List Should Contain Value" owner="Collections">
<arg>${domains}</arg>
<arg>${domain}</arg>
<doc>Fails if the ``value`` is not found from ``list``.</doc>
<status status="PASS" start="2026-05-07T19:15:21.479121" elapsed="0.000296"/>
</kw>
<msg time="2026-05-07T19:15:21.479603" level="INFO">${dup_domain} = True</msg>
<var>${dup_domain}</var>
<arg>List Should Contain Value</arg>
<arg>${domains}</arg>
<arg>${domain}</arg>
<doc>Runs the specified keyword and returns the status as a Boolean value.</doc>
<status status="PASS" start="2026-05-07T19:15:21.478755" elapsed="0.000887"/>
</kw>
<if>
<branch type="IF" condition="${dup_domain}">
<continue>
<status status="PASS" start="2026-05-07T19:15:21.479884" elapsed="0.000063"/>
</continue>
<status status="PASS" start="2026-05-07T19:15:21.479774" elapsed="0.000232"/>
</branch>
<status status="PASS" start="2026-05-07T19:15:21.479741" elapsed="0.000315"/>
</if>
<kw name="Append To List" owner="Collections">
<arg>${domains}</arg>
<arg>${domain}</arg>
<doc>Adds ``values`` to the end of ``list``.</doc>
<status status="NOT RUN" start="2026-05-07T19:15:21.480195" elapsed="0.000041"/>
</kw>
<kw name="Append To List" owner="Collections">
<arg>${final}</arg>
<arg>${href}</arg>
<doc>Adds ``values`` to the end of ``list``.</doc>
<status status="NOT RUN" start="2026-05-07T19:15:21.480356" elapsed="0.000028"/>
</kw>
<kw name="Get Length" owner="BuiltIn">
<var>${length}</var>
<arg>${final}</arg>
<doc>Returns and logs the length of the given item as an integer.</doc>
<status status="NOT RUN" start="2026-05-07T19:15:21.480494" elapsed="0.000025"/>
</kw>
<kw name="Exit For Loop If" owner="BuiltIn">
<arg>${length} &gt;= ${max}</arg>
<doc>Stops executing the enclosing FOR loop if the ``condition`` is true.</doc>
<status status="NOT RUN" start="2026-05-07T19:15:21.480607" elapsed="0.000031"/>
</kw>
<var name="${a}">&lt;selenium.webdriver.remote.webelement.WebElement (session="f7fff03498b15bbbe75d3d2f5fafaab3", element="f.420CEDE606DA4B2139F87021860FFD39.d.55A7B87863737D5F4321EB9EA68B2769.e.124")&gt;</var>
<status status="PASS" start="2026-05-07T19:15:21.462475" elapsed="0.018218"/>
</iter>
<iter>
<kw name="Get Element Attribute" owner="SeleniumLibrary">
<msg time="2026-05-07T19:15:21.490220" level="INFO">${href} = https://testrigor.com/blog/robot-framework/#:~:text=Open%20Source%20and%20Free%3A%20Robot,free%20to%20use%20and%20modify%20.</msg>
<var>${href}</var>
<arg>${a}</arg>
<arg>href</arg>
<doc>Returns the value of ``attribute`` from the element ``locator``.</doc>
<status status="PASS" start="2026-05-07T19:15:21.481148" elapsed="0.009139"/>
</kw>
<kw name="Run Keyword And Return Status" owner="BuiltIn">
<kw name="Should Start With" owner="BuiltIn">
<arg>${href}</arg>
<arg>http</arg>
<doc>Fails if the string ``str1`` does not start with the string ``str2``.</doc>
<status status="PASS" start="2026-05-07T19:15:21.490978" elapsed="0.000507"/>
</kw>
<msg time="2026-05-07T19:15:21.491640" level="INFO">${is_http} = True</msg>
<var>${is_http}</var>
<arg>Should Start With</arg>
<arg>${href}</arg>
<arg>http</arg>
<doc>Runs the specified keyword and returns the status as a Boolean value.</doc>
<status status="PASS" start="2026-05-07T19:15:21.490544" elapsed="0.001130"/>
</kw>
<if>
<branch type="IF" condition="not ${is_http}">
<continue>
<status status="NOT RUN" start="2026-05-07T19:15:21.491992" elapsed="0.000031"/>
</continue>
<status status="NOT RUN" start="2026-05-07T19:15:21.491800" elapsed="0.000269"/>
</branch>
<status status="PASS" start="2026-05-07T19:15:21.491766" elapsed="0.000346"/>
</if>
<kw name="Run Keyword And Return Status" owner="BuiltIn">
<kw name="Should Contain" owner="BuiltIn">
<msg time="2026-05-07T19:15:21.493057" level="FAIL">'https://testrigor.com/blog/robot-framework/#:~:text=Open%20Source%20and%20Free%3A%20Robot,free%20to%20use%20and%20modify%20.' does not contain 'google.'</msg>
<arg>${href}</arg>
<arg>google.</arg>
<doc>Fails if ``container`` does not contain ``item`` one or more times.</doc>
<status status="FAIL" start="2026-05-07T19:15:21.492598" elapsed="0.000571">'https://testrigor.com/blog/robot-framework/#:~:text=Open%20Source%20and%20Free%3A%20Robot,free%20to%20use%20and%20modify%20.' does not contain 'google.'</status>
</kw>
<msg time="2026-05-07T19:15:21.493314" level="INFO">${is_google} = False</msg>
<var>${is_google}</var>
<arg>Should Contain</arg>
<arg>${href}</arg>
<arg>google.</arg>
<doc>Runs the specified keyword and returns the status as a Boolean value.</doc>
<status status="PASS" start="2026-05-07T19:15:21.492255" elapsed="0.001088"/>
</kw>
<if>
<branch type="IF" condition="${is_google}">
<continue>
<status status="NOT RUN" start="2026-05-07T19:15:21.493568" elapsed="0.000027"/>
</continue>
<status status="NOT RUN" start="2026-05-07T19:15:21.493462" elapsed="0.000175"/>
</branch>
<status status="PASS" start="2026-05-07T19:15:21.493430" elapsed="0.000248"/>
</if>
<kw name="Evaluate" owner="BuiltIn">
<msg time="2026-05-07T19:15:21.494348" level="INFO">${domain} = testrigor.com</msg>
<var>${domain}</var>
<arg>__import__("urllib.parse", fromlist=["urlparse"]).urlparse($href).netloc</arg>
<doc>Evaluates the given expression in Python and returns the result.</doc>
<status status="PASS" start="2026-05-07T19:15:21.493805" elapsed="0.000582"/>
</kw>
<kw name="Replace String" owner="String">
<msg time="2026-05-07T19:15:21.495086" level="INFO">${domain} = testrigor.com</msg>
<var>${domain}</var>
<arg>${domain}</arg>
<arg>www.</arg>
<arg>${EMPTY}</arg>
<doc>Replaces ``search_for`` in the given ``string`` with ``replace_with``.</doc>
<status status="PASS" start="2026-05-07T19:15:21.494525" elapsed="0.000593"/>
</kw>
<kw name="Run Keyword And Return Status" owner="BuiltIn">
<kw name="List Should Contain Value" owner="Collections">
<msg time="2026-05-07T19:15:21.495830" level="FAIL">[ robotframework.org | github.com ] does not contain value 'testrigor.com'.</msg>
<arg>${domains}</arg>
<arg>${domain}</arg>
<doc>Fails if the ``value`` is not found from ``list``.</doc>
<status status="FAIL" start="2026-05-07T19:15:21.495545" elapsed="0.000373">[ robotframework.org | github.com ] does not contain value 'testrigor.com'.</status>
</kw>
<msg time="2026-05-07T19:15:21.496028" level="INFO">${dup_domain} = False</msg>
<var>${dup_domain}</var>
<arg>List Should Contain Value</arg>
<arg>${domains}</arg>
<arg>${domain}</arg>
<doc>Runs the specified keyword and returns the status as a Boolean value.</doc>
<status status="PASS" start="2026-05-07T19:15:21.495250" elapsed="0.000803"/>
</kw>
<if>
<branch type="IF" condition="${dup_domain}">
<continue>
<status status="NOT RUN" start="2026-05-07T19:15:21.496237" elapsed="0.000025"/>
</continue>
<status status="NOT RUN" start="2026-05-07T19:15:21.496149" elapsed="0.000150"/>
</branch>
<status status="PASS" start="2026-05-07T19:15:21.496124" elapsed="0.000212"/>
</if>
<kw name="Append To List" owner="Collections">
<arg>${domains}</arg>
<arg>${domain}</arg>
<doc>Adds ``values`` to the end of ``list``.</doc>
<status status="PASS" start="2026-05-07T19:15:21.496422" elapsed="0.000188"/>
</kw>
<kw name="Append To List" owner="Collections">
<arg>${final}</arg>
<arg>${href}</arg>
<doc>Adds ``values`` to the end of ``list``.</doc>
<status status="PASS" start="2026-05-07T19:15:21.496711" elapsed="0.000171"/>
</kw>
<kw name="Get Length" owner="BuiltIn">
<msg time="2026-05-07T19:15:21.497249" level="INFO">Length is 3.</msg>
<msg time="2026-05-07T19:15:21.497327" level="INFO">${length} = 3</msg>
<var>${length}</var>
<arg>${final}</arg>
<doc>Returns and logs the length of the given item as an integer.</doc>
<status status="PASS" start="2026-05-07T19:15:21.496983" elapsed="0.000370"/>
</kw>
<kw name="Exit For Loop If" owner="BuiltIn">
<arg>${length} &gt;= ${max}</arg>
<doc>Stops executing the enclosing FOR loop if the ``condition`` is true.</doc>
<status status="PASS" start="2026-05-07T19:15:21.497458" elapsed="0.000373"/>
</kw>
<var name="${a}">&lt;selenium.webdriver.remote.webelement.WebElement (session="f7fff03498b15bbbe75d3d2f5fafaab3", element="f.420CEDE606DA4B2139F87021860FFD39.d.55A7B87863737D5F4321EB9EA68B2769.e.125")&gt;</var>
<status status="PASS" start="2026-05-07T19:15:21.481033" elapsed="0.016854"/>
</iter>
<iter>
<kw name="Get Element Attribute" owner="SeleniumLibrary">
<msg time="2026-05-07T19:15:21.507047" level="INFO">${href} = https://testsigma.com/blog/robot-framework-vs-selenium/#:~:text=Robot%20Framework%20and%20Selenium%20are,set%20up%20the%20framework%20work.</msg>
<var>${href}</var>
<arg>${a}</arg>
<arg>href</arg>
<doc>Returns the value of ``attribute`` from the element ``locator``.</doc>
<status status="PASS" start="2026-05-07T19:15:21.498380" elapsed="0.008745"/>
</kw>
<kw name="Run Keyword And Return Status" owner="BuiltIn">
<kw name="Should Start With" owner="BuiltIn">
<arg>${href}</arg>
<arg>http</arg>
<doc>Fails if the string ``str1`` does not start with the string ``str2``.</doc>
<status status="PASS" start="2026-05-07T19:15:21.507878" elapsed="0.000432"/>
</kw>
<msg time="2026-05-07T19:15:21.508483" level="INFO">${is_http} = True</msg>
<var>${is_http}</var>
<arg>Should Start With</arg>
<arg>${href}</arg>
<arg>http</arg>
<doc>Runs the specified keyword and returns the status as a Boolean value.</doc>
<status status="PASS" start="2026-05-07T19:15:21.507400" elapsed="0.001124"/>
</kw>
<if>
<branch type="IF" condition="not ${is_http}">
<continue>
<status status="NOT RUN" start="2026-05-07T19:15:21.508902" elapsed="0.000035"/>
</continue>
<status status="NOT RUN" start="2026-05-07T19:15:21.508675" elapsed="0.000321"/>
</branch>
<status status="PASS" start="2026-05-07T19:15:21.508637" elapsed="0.000411"/>
</if>
<kw name="Run Keyword And Return Status" owner="BuiltIn">
<kw name="Should Contain" owner="BuiltIn">
<msg time="2026-05-07T19:15:21.510064" level="FAIL">'https://testsigma.com/blog/robot-framework-vs-selenium/#:~:text=Robot%20Framework%20and%20Selenium%20are,set%20up%20the%20framework%20work.' does not contain 'google.'</msg>
<arg>${href}</arg>
<arg>google.</arg>
<doc>Fails if ``container`` does not contain ``item`` one or more times.</doc>
<status status="FAIL" start="2026-05-07T19:15:21.509620" elapsed="0.000555">'https://testsigma.com/blog/robot-framework-vs-selenium/#:~:text=Robot%20Framework%20and%20Selenium%20are,set%20up%20the%20framework%20work.' does not contain 'google.'</status>
</kw>
<msg time="2026-05-07T19:15:21.510320" level="INFO">${is_google} = False</msg>
<var>${is_google}</var>
<arg>Should Contain</arg>
<arg>${href}</arg>
<arg>google.</arg>
<doc>Runs the specified keyword and returns the status as a Boolean value.</doc>
<status status="PASS" start="2026-05-07T19:15:21.509202" elapsed="0.001150"/>
</kw>
<if>
<branch type="IF" condition="${is_google}">
<continue>
<status status="NOT RUN" start="2026-05-07T19:15:21.510583" elapsed="0.000028"/>
</continue>
<status status="NOT RUN" start="2026-05-07T19:15:21.510474" elapsed="0.000182"/>
</branch>
<status status="PASS" start="2026-05-07T19:15:21.510443" elapsed="0.000256"/>
</if>
<kw name="Evaluate" owner="BuiltIn">
<msg time="2026-05-07T19:15:21.511461" level="INFO">${domain} = testsigma.com</msg>
<var>${domain}</var>
<arg>__import__("urllib.parse", fromlist=["urlparse"]).urlparse($href).netloc</arg>
<doc>Evaluates the given expression in Python and returns the result.</doc>
<status status="PASS" start="2026-05-07T19:15:21.510841" elapsed="0.000666"/>
</kw>
<kw name="Replace String" owner="String">
<msg time="2026-05-07T19:15:21.512343" level="INFO">${domain} = testsigma.com</msg>
<var>${domain}</var>
<arg>${domain}</arg>
<arg>www.</arg>
<arg>${EMPTY}</arg>
<doc>Replaces ``search_for`` in the given ``string`` with ``replace_with``.</doc>
<status status="PASS" start="2026-05-07T19:15:21.511659" elapsed="0.000723"/>
</kw>
<kw name="Run Keyword And Return Status" owner="BuiltIn">
<kw name="List Should Contain Value" owner="Collections">
<msg time="2026-05-07T19:15:21.513218" level="FAIL">[ robotframework.org | github.com | testrigor.com ] does not contain value 'testsigma.com'.</msg>
<arg>${domains}</arg>
<arg>${domain}</arg>
<doc>Fails if the ``value`` is not found from ``list``.</doc>
<status status="FAIL" start="2026-05-07T19:15:21.512885" elapsed="0.000430">[ robotframework.org | github.com | testrigor.com ] does not contain value 'testsigma.com'.</status>
</kw>
<msg time="2026-05-07T19:15:21.513455" level="INFO">${dup_domain} = False</msg>
<var>${dup_domain}</var>
<arg>List Should Contain Value</arg>
<arg>${domains}</arg>
<arg>${domain}</arg>
<doc>Runs the specified keyword and returns the status as a Boolean value.</doc>
<status status="PASS" start="2026-05-07T19:15:21.512537" elapsed="0.000950"/>
</kw>
<if>
<branch type="IF" condition="${dup_domain}">
<continue>
<status status="NOT RUN" start="2026-05-07T19:15:21.513727" elapsed="0.000031"/>
</continue>
<status status="NOT RUN" start="2026-05-07T19:15:21.513613" elapsed="0.000191"/>
</branch>
<status status="PASS" start="2026-05-07T19:15:21.513582" elapsed="0.000268"/>
</if>
<kw name="Append To List" owner="Collections">
<arg>${domains}</arg>
<arg>${domain}</arg>
<doc>Adds ``values`` to the end of ``list``.</doc>
<status status="PASS" start="2026-05-07T19:15:21.513954" elapsed="0.000236"/>
</kw>
<kw name="Append To List" owner="Collections">
<arg>${final}</arg>
<arg>${href}</arg>
<doc>Adds ``values`` to the end of ``list``.</doc>
<status status="PASS" start="2026-05-07T19:15:21.514312" elapsed="0.000200"/>
</kw>
<kw name="Get Length" owner="BuiltIn">
<msg time="2026-05-07T19:15:21.514938" level="INFO">Length is 4.</msg>
<msg time="2026-05-07T19:15:21.515024" level="INFO">${length} = 4</msg>
<var>${length}</var>
<arg>${final}</arg>
<doc>Returns and logs the length of the given item as an integer.</doc>
<status status="PASS" start="2026-05-07T19:15:21.514629" elapsed="0.000424"/>
</kw>
<kw name="Exit For Loop If" owner="BuiltIn">
<arg>${length} &gt;= ${max}</arg>
<doc>Stops executing the enclosing FOR loop if the ``condition`` is true.</doc>
<status status="PASS" start="2026-05-07T19:15:21.515181" elapsed="0.000488"/>
</kw>
<var name="${a}">&lt;selenium.webdriver.remote.webelement.WebElement (session="f7fff03498b15bbbe75d3d2f5fafaab3", element="f.420CEDE606DA4B2139F87021860FFD39.d.55A7B87863737D5F4321EB9EA68B2769.e.126")&gt;</var>
<status status="PASS" start="2026-05-07T19:15:21.498249" elapsed="0.017487"/>
</iter>
<iter>
<kw name="Get Element Attribute" owner="SeleniumLibrary">
<msg time="2026-05-07T19:15:21.524929" level="INFO">${href} = https://www.jetir.org/view?paper=JETIR2307150#:~:text=Ansible%20addresses%20the%20challenges%20of,device%20connections%20and%20validation%20tasks.</msg>
<var>${href}</var>
<arg>${a}</arg>
<arg>href</arg>
<doc>Returns the value of ``attribute`` from the element ``locator``.</doc>
<status status="PASS" start="2026-05-07T19:15:21.516238" elapsed="0.008760"/>
</kw>
<kw name="Run Keyword And Return Status" owner="BuiltIn">
<kw name="Should Start With" owner="BuiltIn">
<arg>${href}</arg>
<arg>http</arg>
<doc>Fails if the string ``str1`` does not start with the string ``str2``.</doc>
<status status="PASS" start="2026-05-07T19:15:21.525792" elapsed="0.000376"/>
</kw>
<msg time="2026-05-07T19:15:21.526319" level="INFO">${is_http} = True</msg>
<var>${is_http}</var>
<arg>Should Start With</arg>
<arg>${href}</arg>
<arg>http</arg>
<doc>Runs the specified keyword and returns the status as a Boolean value.</doc>
<status status="PASS" start="2026-05-07T19:15:21.525258" elapsed="0.001097"/>
</kw>
<if>
<branch type="IF" condition="not ${is_http}">
<continue>
<status status="NOT RUN" start="2026-05-07T19:15:21.526682" elapsed="0.000032"/>
</continue>
<status status="NOT RUN" start="2026-05-07T19:15:21.526475" elapsed="0.000286"/>
</branch>
<status status="PASS" start="2026-05-07T19:15:21.526442" elapsed="0.000363"/>
</if>
<kw name="Run Keyword And Return Status" owner="BuiltIn">
<kw name="Should Contain" owner="BuiltIn">
<msg time="2026-05-07T19:15:21.527680" level="FAIL">'https://www.jetir.org/view?paper=JETIR2307150#:~:text=Ansible%20addresses%20the%20challenges%20of,device%20connections%20and%20validation%20tasks.' does not contain 'google.'</msg>
<arg>${href}</arg>
<arg>google.</arg>
<doc>Fails if ``container`` does not contain ``item`` one or more times.</doc>
<status status="FAIL" start="2026-05-07T19:15:21.527291" elapsed="0.000486">'https://www.jetir.org/view?paper=JETIR2307150#:~:text=Ansible%20addresses%20the%20challenges%20of,device%20connections%20and%20validation%20tasks.' does not contain 'google.'</status>
</kw>
<msg time="2026-05-07T19:15:21.527935" level="INFO">${is_google} = False</msg>
<var>${is_google}</var>
<arg>Should Contain</arg>
<arg>${href}</arg>
<arg>google.</arg>
<doc>Runs the specified keyword and returns the status as a Boolean value.</doc>
<status status="PASS" start="2026-05-07T19:15:21.526956" elapsed="0.001006"/>
</kw>
<if>
<branch type="IF" condition="${is_google}">
<continue>
<status status="NOT RUN" start="2026-05-07T19:15:21.528160" elapsed="0.000026"/>
</continue>
<status status="NOT RUN" start="2026-05-07T19:15:21.528060" elapsed="0.000164"/>
</branch>
<status status="PASS" start="2026-05-07T19:15:21.528036" elapsed="0.000227"/>
</if>
<kw name="Evaluate" owner="BuiltIn">
<msg time="2026-05-07T19:15:21.528876" level="INFO">${domain} = www.jetir.org</msg>
<var>${domain}</var>
<arg>__import__("urllib.parse", fromlist=["urlparse"]).urlparse($href).netloc</arg>
<doc>Evaluates the given expression in Python and returns the result.</doc>
<status status="PASS" start="2026-05-07T19:15:21.528365" elapsed="0.000546"/>
</kw>
<kw name="Replace String" owner="String">
<msg time="2026-05-07T19:15:21.529599" level="INFO">${domain} = jetir.org</msg>
<var>${domain}</var>
<arg>${domain}</arg>
<arg>www.</arg>
<arg>${EMPTY}</arg>
<doc>Replaces ``search_for`` in the given ``string`` with ``replace_with``.</doc>
<status status="PASS" start="2026-05-07T19:15:21.529036" elapsed="0.000599"/>
</kw>
<kw name="Run Keyword And Return Status" owner="BuiltIn">
<kw name="List Should Contain Value" owner="Collections">
<msg time="2026-05-07T19:15:21.530370" level="FAIL">[ robotframework.org | github.com | testrigor.com | testsigma.com ] does not contain value 'jetir.org'.</msg>
<arg>${domains}</arg>
<arg>${domain}</arg>
<doc>Fails if the ``value`` is not found from ``list``.</doc>
<status status="FAIL" start="2026-05-07T19:15:21.530068" elapsed="0.000390">[ robotframework.org | github.com | testrigor.com | testsigma.com ] does not contain value 'jetir.org'.</status>
</kw>
<msg time="2026-05-07T19:15:21.530580" level="INFO">${dup_domain} = False</msg>
<var>${dup_domain}</var>
<arg>List Should Contain Value</arg>
<arg>${domains}</arg>
<arg>${domain}</arg>
<doc>Runs the specified keyword and returns the status as a Boolean value.</doc>
<status status="PASS" start="2026-05-07T19:15:21.529770" elapsed="0.000838"/>
</kw>
<if>
<branch type="IF" condition="${dup_domain}">
<continue>
<status status="NOT RUN" start="2026-05-07T19:15:21.530818" elapsed="0.000026"/>
</continue>
<status status="NOT RUN" start="2026-05-07T19:15:21.530714" elapsed="0.000171"/>
</branch>
<status status="PASS" start="2026-05-07T19:15:21.530687" elapsed="0.000240"/>
</if>
<kw name="Append To List" owner="Collections">
<arg>${domains}</arg>
<arg>${domain}</arg>
<doc>Adds ``values`` to the end of ``list``.</doc>
<status status="PASS" start="2026-05-07T19:15:21.531022" elapsed="0.000214"/>
</kw>
<kw name="Append To List" owner="Collections">
<arg>${final}</arg>
<arg>${href}</arg>
<doc>Adds ``values`` to the end of ``list``.</doc>
<status status="PASS" start="2026-05-07T19:15:21.531341" elapsed="0.000172"/>
</kw>
<kw name="Get Length" owner="BuiltIn">
<msg time="2026-05-07T19:15:21.531912" level="INFO">Length is 5.</msg>
<msg time="2026-05-07T19:15:21.531991" level="INFO">${length} = 5</msg>
<var>${length}</var>
<arg>${final}</arg>
<doc>Returns and logs the length of the given item as an integer.</doc>
<status status="PASS" start="2026-05-07T19:15:21.531623" elapsed="0.000393"/>
</kw>
<kw name="Exit For Loop If" owner="BuiltIn">
<msg time="2026-05-07T19:15:21.532529" level="INFO">Exiting for loop altogether.</msg>
<arg>${length} &gt;= ${max}</arg>
<doc>Stops executing the enclosing FOR loop if the ``condition`` is true.</doc>
<status status="PASS" start="2026-05-07T19:15:21.532124" elapsed="0.000491"/>
</kw>
<var name="${a}">&lt;selenium.webdriver.remote.webelement.WebElement (session="f7fff03498b15bbbe75d3d2f5fafaab3", element="f.420CEDE606DA4B2139F87021860FFD39.d.55A7B87863737D5F4321EB9EA68B2769.e.127")&gt;</var>
<status status="PASS" start="2026-05-07T19:15:21.516094" elapsed="0.016576"/>
</iter>
<var>${a}</var>
<value>@{result_links}</value>
<status status="PASS" start="2026-05-07T19:15:21.396256" elapsed="0.136484"/>
</for>
<return>
<value>${final}</value>
<status status="PASS" start="2026-05-07T19:15:21.532848" elapsed="0.000067"/>
</return>
<msg time="2026-05-07T19:15:21.533108" level="INFO">${toplinks} = ['https://robotframework.org/', 'https://github.com/robotframework/robotframework', 'https://testrigor.com/blog/robot-framework/#:~:text=Open%20Source%20and%20Free%3A%20Robot,free%20to%20use%20and%20m...</msg>
<var>${toplinks}</var>
<arg>${MAX}</arg>
<status status="PASS" start="2026-05-07T19:15:21.380844" elapsed="0.152299"/>
</kw>
<kw name="Get Length" owner="BuiltIn">
<msg time="2026-05-07T19:15:21.533855" level="INFO">Length is 5.</msg>
<msg time="2026-05-07T19:15:21.533947" level="INFO">${count} = 5</msg>
<var>${count}</var>
<arg>${toplinks}</arg>
<doc>Returns and logs the length of the given item as an integer.</doc>
<status status="PASS" start="2026-05-07T19:15:21.533499" elapsed="0.000477"/>
</kw>
<kw name="Run Keyword If" owner="BuiltIn">
<arg>${count} == 0</arg>
<arg>Fail</arg>
<arg>Results page loaded but no links were captured.</arg>
<doc>Runs the given keyword with the given arguments, if ``condition`` is true.</doc>
<status status="PASS" start="2026-05-07T19:15:21.534295" elapsed="0.000443"/>
</kw>
<kw name="Log To Console" owner="BuiltIn">
<arg>\nTop ${MAX} Google Result Links (Unique Domains):\n</arg>
<doc>Logs the given message to the console.</doc>
<status status="PASS" start="2026-05-07T19:15:21.535182" elapsed="0.000619"/>
</kw>
<kw name="Append To File" owner="OperatingSystem">
<msg time="2026-05-07T19:15:21.537594" level="INFO" html="true">Appended to file '&lt;a href="file://C:\Users\divvarsh\Desktop\robot-framework-automation-assignment\results\output.txt"&gt;C:\Users\divvarsh\Desktop\robot-framework-automation-assignment\results\output.txt&lt;/a&gt;'.</msg>
<arg>${outfile}</arg>
<arg>Top ${MAX} Google Result Links (Unique Domains):\n</arg>
<doc>Appends the given content to the specified file.</doc>
<status status="PASS" start="2026-05-07T19:15:21.536084" elapsed="0.001640"/>
</kw>
<for flavor="IN">
<iter>
<kw name="Log To Console" owner="BuiltIn">
<arg>${link}</arg>
<doc>Logs the given message to the console.</doc>
<status status="PASS" start="2026-05-07T19:15:21.538471" elapsed="0.000540"/>
</kw>
<kw name="Append To File" owner="OperatingSystem">
<msg time="2026-05-07T19:15:21.540513" level="INFO" html="true">Appended to file '&lt;a href="file://C:\Users\divvarsh\Desktop\robot-framework-automation-assignment\results\output.txt"&gt;C:\Users\divvarsh\Desktop\robot-framework-automation-assignment\results\output.txt&lt;/a&gt;'.</msg>
<arg>${outfile}</arg>
<arg>${link}\n</arg>
<doc>Appends the given content to the specified file.</doc>
<status status="PASS" start="2026-05-07T19:15:21.539199" elapsed="0.001418"/>
</kw>
<var name="${link}">https://robotframework.org/</var>
<status status="PASS" start="2026-05-07T19:15:21.538311" elapsed="0.002381"/>
</iter>
<iter>
<kw name="Log To Console" owner="BuiltIn">
<arg>${link}</arg>
<doc>Logs the given message to the console.</doc>
<status status="PASS" start="2026-05-07T19:15:21.540999" elapsed="0.000517"/>
</kw>
<kw name="Append To File" owner="OperatingSystem">
<msg time="2026-05-07T19:15:21.543059" level="INFO" html="true">Appended to file '&lt;a href="file://C:\Users\divvarsh\Desktop\robot-framework-automation-assignment\results\output.txt"&gt;C:\Users\divvarsh\Desktop\robot-framework-automation-assignment\results\output.txt&lt;/a&gt;'.</msg>
<arg>${outfile}</arg>
<arg>${link}\n</arg>
<doc>Appends the given content to the specified file.</doc>
<status status="PASS" start="2026-05-07T19:15:21.541687" elapsed="0.001503"/>
</kw>
<var name="${link}">https://github.com/robotframework/robotframework</var>
<status status="PASS" start="2026-05-07T19:15:21.540868" elapsed="0.002447"/>
</iter>
<iter>
<kw name="Log To Console" owner="BuiltIn">
<arg>${link}</arg>
<doc>Logs the given message to the console.</doc>
<status status="PASS" start="2026-05-07T19:15:21.543645" elapsed="0.000546"/>
</kw>
<kw name="Append To File" owner="OperatingSystem">
<msg time="2026-05-07T19:15:21.545611" level="INFO" html="true">Appended to file '&lt;a href="file://C:\Users\divvarsh\Desktop\robot-framework-automation-assignment\results\output.txt"&gt;C:\Users\divvarsh\Desktop\robot-framework-automation-assignment\results\output.txt&lt;/a&gt;'.</msg>
<arg>${outfile}</arg>
<arg>${link}\n</arg>
<doc>Appends the given content to the specified file.</doc>
<status status="PASS" start="2026-05-07T19:15:21.544355" elapsed="0.001355"/>
</kw>
<var name="${link}">https://testrigor.com/blog/robot-framework/#:~:text=Open%20Source%20and%20Free%3A%20Robot,free%20to%20use%20and%20modify%20.</var>
<status status="PASS" start="2026-05-07T19:15:21.543503" elapsed="0.002278"/>
</iter>
<iter>
<kw name="Log To Console" owner="BuiltIn">
<arg>${link}</arg>
<doc>Logs the given message to the console.</doc>
<status status="PASS" start="2026-05-07T19:15:21.546073" elapsed="0.000514"/>
</kw>
<kw name="Append To File" owner="OperatingSystem">
<msg time="2026-05-07T19:15:21.548147" level="INFO" html="true">Appended to file '&lt;a href="file://C:\Users\divvarsh\Desktop\robot-framework-automation-assignment\results\output.txt"&gt;C:\Users\divvarsh\Desktop\robot-framework-automation-assignment\results\output.txt&lt;/a&gt;'.</msg>
<arg>${outfile}</arg>
<arg>${link}\n</arg>
<doc>Appends the given content to the specified file.</doc>
<status status="PASS" start="2026-05-07T19:15:21.546762" elapsed="0.001507"/>
</kw>
<var name="${link}">https://testsigma.com/blog/robot-framework-vs-selenium/#:~:text=Robot%20Framework%20and%20Selenium%20are,set%20up%20the%20framework%20work.</var>
<status status="PASS" start="2026-05-07T19:15:21.545950" elapsed="0.002401"/>
</iter>
<iter>
<kw name="Log To Console" owner="BuiltIn">
<arg>${link}</arg>
<doc>Logs the given message to the console.</doc>
<status status="PASS" start="2026-05-07T19:15:21.548675" elapsed="0.000586"/>
</kw>
<kw name="Append To File" owner="OperatingSystem">
<msg time="2026-05-07T19:15:21.551032" level="INFO" html="true">Appended to file '&lt;a href="file://C:\Users\divvarsh\Desktop\robot-framework-automation-assignment\results\output.txt"&gt;C:\Users\divvarsh\Desktop\robot-framework-automation-assignment\results\output.txt&lt;/a&gt;'.</msg>
<arg>${outfile}</arg>
<arg>${link}\n</arg>
<doc>Appends the given content to the specified file.</doc>
<status status="PASS" start="2026-05-07T19:15:21.549427" elapsed="0.001826"/>
</kw>
<var name="${link}">https://www.jetir.org/view?paper=JETIR2307150#:~:text=Ansible%20addresses%20the%20challenges%20of,device%20connections%20and%20validation%20tasks.</var>
<status status="PASS" start="2026-05-07T19:15:21.548539" elapsed="0.002821"/>
</iter>
<var>${link}</var>
<value>@{toplinks}</value>
<status status="PASS" start="2026-05-07T19:15:21.538016" elapsed="0.013426"/>
</for>
<kw name="Capture Page Screenshot" owner="SeleniumLibrary">
<msg time="2026-05-07T19:15:21.646005" level="INFO" html="true">&lt;/td&gt;&lt;/tr&gt;&lt;tr&gt;&lt;td colspan="3"&gt;&lt;a href="step3_final.png"&gt;&lt;img src="step3_final.png" width="800px"&gt;&lt;/a&gt;</msg>
<arg>${OUTPUT DIR}${/}step3_final.png</arg>
<doc>Takes a screenshot of the current page and embeds it into a log file.</doc>
<status status="PASS" start="2026-05-07T19:15:21.551862" elapsed="0.094310"/>
</kw>
<kw name="Close Browser" owner="SeleniumLibrary">
<doc>Closes the current browser.</doc>
<status status="PASS" start="2026-05-07T19:15:21.646630" elapsed="2.584808"/>
</kw>
<status status="PASS" start="2026-05-07T19:15:00.241474" elapsed="23.990613"/>
</test>
<status status="PASS" start="2026-05-07T19:14:59.959350" elapsed="24.273654"/>
</suite>
<statistics>
<total>
<stat pass="1" fail="0" skip="0">All Tests</stat>
</total>
<tag>
</tag>
<suite>
<stat name="Google Search" id="s1" pass="1" fail="0" skip="0">Google Search</stat>
</suite>
</statistics>
<errors>
</errors>
</robot>
